<?xml version="1.0" encoding="UTF-8"?>
<!-- Generated by org.testng.reporters.JUnitXMLReporter -->
<testsuite hostname="WKMIN4841327" ignored="0" name="Test" tests="1" failures="1" timestamp="25 Sep 2020 09:42:21 GMT" time="13.46" errors="0">
  <testcase name="basePageNavigation" time="3.348" classname="testScenarios.Login">
    <failure type="java.lang.AssertionError">
      <![CDATA[java.lang.AssertionError: 
at testScenarios.Login.basePageNavigation(Login.java:63)
at java.util.concurrent.FutureTask.run(FutureTask.java:266)
at java.util.concurrent.ThreadPoolExecutor.runWorker(ThreadPoolExecutor.java:1149)
at java.util.concurrent.ThreadPoolExecutor$Worker.run(ThreadPoolExecutor.java:624)
at java.lang.Thread.run(Thread.java:748)
... Removed 19 stack frames]]>
    </failure>
  </testcase> <!-- basePageNavigation -->
</testsuite> <!-- Test -->
