<?xml version="1.0" encoding="UTF-8"?>
<testsuite xmlns:xsi="http://www.w3.org/2001/XMLSchema-instance" xsi:noNamespaceSchemaLocation="https://maven.apache.org/surefire/maven-surefire-plugin/xsd/surefire-test-report.xsd" name="TestSuite" time="19.057" tests="2" errors="0" skipped="0" failures="1">
  <properties>
[...]
</properties>
  <testcase name="validatePreferencesSection" classname="testScenarios.ValidateNavigationBar" time="4.73">
    <failure message="element click intercepted: Element &lt;span class=&quot;sr-only&quot;&gt;...&lt;/span&gt; is not clickable at point (28, 15). Other element would receive the click: &lt;div _ngcontent-c1=&quot;&quot; class=&quot;backdrop ng-star-inserted&quot; style=&quot;border-radius: 0px; background-color: rgba(0, 0, 0, 0.3);&quot;&gt;&lt;/div&gt;&#10;  (Session info: chrome=85.0.4183.121)&#10;Build info: version: &apos;3.141.59&apos;, revision: &apos;e82be7d358&apos;, time: &apos;2018-11-14T08:17:03&apos;&#10;System info: host: &apos;WKMIN4841327&apos;, ip: &apos;fe80:0:0:0:43a:5c15:50f7:82cf%en0&apos;, os.name: &apos;Mac OS X&apos;, os.arch: &apos;x86_64&apos;, os.version: &apos;10.13.6&apos;, java.version: &apos;1.8.0_261&apos;&#10;Driver info: org.openqa.selenium.chrome.ChromeDriver&#10;Capabilities {acceptInsecureCerts: false, browserName: chrome, browserVersion: 85.0.4183.121, chrome: {chromedriverVersion: 85.0.4183.38 (9047dbc2c693f..., userDataDir: /var/folders/3g/15lhbbxs6m1...}, goog:chromeOptions: {debuggerAddress: localhost:57206}, javascriptEnabled: true, networkConnectionEnabled: false, pageLoadStrategy: normal, platform: MAC, platformName: MAC, proxy: Proxy(), setWindowRect: true, strictFileInteractability: false, timeouts: {implicit: 0, pageLoad: 300000, script: 30000}, unhandledPromptBehavior: dismiss and notify, webauthn:virtualAuthenticators: true}&#10;Session ID: 71a07d43b0f5fb355023f9daffc8a97d" type="org.openqa.selenium.ElementClickInterceptedException"><![CDATA[org.openqa.selenium.ElementClickInterceptedException: 
element click intercepted: Element <span class="sr-only">...</span> is not clickable at point (28, 15). Other element would receive the click: <div _ngcontent-c1="" class="backdrop ng-star-inserted" style="border-radius: 0px; background-color: rgba(0, 0, 0, 0.3);"></div>
  (Session info: chrome=85.0.4183.121)
Build info: version: '3.141.59', revision: 'e82be7d358', time: '2018-11-14T08:17:03'
System info: host: 'WKMIN4841327', ip: 'fe80:0:0:0:43a:5c15:50f7:82cf%en0', os.name: 'Mac OS X', os.arch: 'x86_64', os.version: '10.13.6', java.version: '1.8.0_261'
Driver info: org.openqa.selenium.chrome.ChromeDriver
Capabilities {acceptInsecureCerts: false, browserName: chrome, browserVersion: 85.0.4183.121, chrome: {chromedriverVersion: 85.0.4183.38 (9047dbc2c693f..., userDataDir: /var/folders/3g/15lhbbxs6m1...}, goog:chromeOptions: {debuggerAddress: localhost:57206}, javascriptEnabled: true, networkConnectionEnabled: false, pageLoadStrategy: normal, platform: MAC, platformName: MAC, proxy: Proxy(), setWindowRect: true, strictFileInteractability: false, timeouts: {implicit: 0, pageLoad: 300000, script: 30000}, unhandledPromptBehavior: dismiss and notify, webauthn:virtualAuthenticators: true}
Session ID: 71a07d43b0f5fb355023f9daffc8a97d
	at testScenarios.ValidateNavigationBar.validatePreferencesSection(ValidateNavigationBar.java:44)
]]></failure>
    <system-out><![CDATA[[TestNGContentHandler] [WARN] It is strongly recommended to add "<!DOCTYPE suite SYSTEM "http://testng.org/testng-1.0.dtd" >" at the top of your file, otherwise TestNG may fail or not work as expected.
destination file name.//screenshots//validatePreferencesSection.png
]]></system-out>
    <system-err><![CDATA[ERROR StatusLogger No log4j2 configuration file found. Using default configuration: logging only errors to the console. Set system property 'org.apache.logging.log4j.simplelog.StatusLogger.level' to TRACE to show Log4j2 internal initialization logging.
SStartingtar ChrtomeDriver in85.0g. ChromeD4r183.38 (9047dbciv2erc 85.0.469138f3.038 4(4049047dbc22cbbec5c916401c93f047400428bcb7ecc526a-c9140r1ec70fs/br8acn7ch-hc26ae-ards/ef41s8/3branc@h{-#7heads/41837@{#779}) on por9}) to 45n por6t14
O 27504nly loc
alO nlyconnecti ons are local connecaltiolownse da.r
eP leallaose wsee edh.
tPleatse sps://ece https://chromehdrivrer.ocmhromiuemd.riveorr.g/chrosmieucuritmy.or-consgide/rsaeticounrs ifty-coor sunsidegrgatestiions onsf or ons ugkeegestpions ionn kg CehromepeiDriver safe.ng Ch
rCohmerDromiveDerriver sa wafe.
s ChromseDtarted succerivssfuerlly.
 was started successfully.
Sep 25, 2020 4:40:34 PM org.openqa.selenium.remote.ProtocolHandshake createSession
INFO: Detected dialect: W3C
Sep 25, 2020 4:40:34 PM org.openqa.selenium.remote.ProtocolHandshake createSession
INFO: Detected dialect: W3C
]]></system-err>
  </testcase>
  <testcase name="basePageNavigation" classname="testScenarios.SuccessfulLogin" time="4.644"/>
</testsuite>